<?xml version="1.0" encoding="UTF-8"?>
<!-- Generated by org.testng.reporters.JUnitReportReporter -->
<testsuite hostname="DESKTOP-HF0RCE0" failures="0" tests="1" name="TestSelenium" time="31.047" errors="0" timestamp="2022-09-23T13:56:54 IST" skipped="0">
  <testcase classname="TestSelenium" name="lunchDriver" time="31.047"/>
  <system-out/>
</testsuite> <!-- TestSelenium -->
