<?xml version="1.0" encoding="UTF-8"?>
<!-- Generated by org.testng.reporters.JUnitReportReporter -->
<testsuite hostname="DESKTOP-HF0RCE0" failures="0" tests="1" name="TestSelenium" time="67.149" errors="0" timestamp="2022-09-23T15:59:13 IST" skipped="0">
  <testcase classname="TestSelenium" name="lunchDriver" time="67.149"/>
  <system-out/>
</testsuite> <!-- TestSelenium -->
