<?xml version="1.0" encoding="UTF-8"?>
<!-- Generated by org.testng.reporters.JUnitReportReporter -->
<testsuite skipped="0" hostname="DESKTOP-HF0RCE0" name="TestSelenium" tests="1" failures="0" timestamp="2022-09-25T14:17:35 IST" time="36.148" errors="0">
  <testcase name="lunchDriver" time="36.148" classname="TestSelenium"/>
  <system-out/>
</testsuite> <!-- TestSelenium -->
